<?xml version="1.0" encoding="UTF-8"?>
<robot generator="Robot 6.1.1 (Python 3.10.1 on win32)" generated="20231120 03:02:52.129" rpa="false" schemaversion="4">
<suite id="s1" name="Tests" source="C:\Users\koenol\Documents\git\ohtu-palautus\ohtu-palautusrepo\viikko3\hello-robot\src\tests">
<suite id="s1-s1" name="Increase Counter" source="C:\Users\koenol\Documents\git\ohtu-palautus\ohtu-palautusrepo\viikko3\hello-robot\src\tests\increase_counter.robot">
<test id="s1-s1-t1" name="Reset Counter After One Increment" line="5">
<kw name="Counter Value Should Be" library="CounterLibrary">
<arg>0</arg>
<status status="PASS" starttime="20231120 03:02:52.151" endtime="20231120 03:02:52.151"/>
</kw>
<kw name="Increase Counter" library="CounterLibrary">
<status status="PASS" starttime="20231120 03:02:52.151" endtime="20231120 03:02:52.151"/>
</kw>
<kw name="Counter Value Should Be" library="CounterLibrary">
<arg>1</arg>
<status status="PASS" starttime="20231120 03:02:52.152" endtime="20231120 03:02:52.152"/>
</kw>
<kw name="Reset Counter" library="CounterLibrary">
<status status="PASS" starttime="20231120 03:02:52.152" endtime="20231120 03:02:52.152"/>
</kw>
<kw name="Counter Value Should Be" library="CounterLibrary">
<arg>0</arg>
<status status="PASS" starttime="20231120 03:02:52.152" endtime="20231120 03:02:52.152"/>
</kw>
<status status="PASS" starttime="20231120 03:02:52.150" endtime="20231120 03:02:52.152"/>
</test>
<test id="s1-s1-t2" name="Reset Counter After Several Increments" line="12">
<kw name="Counter Value Should Be" library="CounterLibrary">
<arg>0</arg>
<status status="PASS" starttime="20231120 03:02:52.153" endtime="20231120 03:02:52.153"/>
</kw>
<kw name="Increment Counter By" library="CounterLibrary">
<arg>5</arg>
<status status="PASS" starttime="20231120 03:02:52.153" endtime="20231120 03:02:52.153"/>
</kw>
<kw name="Counter Value Should Be" library="CounterLibrary">
<arg>5</arg>
<status status="PASS" starttime="20231120 03:02:52.153" endtime="20231120 03:02:52.153"/>
</kw>
<kw name="Reset Counter" library="CounterLibrary">
<status status="PASS" starttime="20231120 03:02:52.153" endtime="20231120 03:02:52.154"/>
</kw>
<kw name="Counter Value Should Be" library="CounterLibrary">
<arg>0</arg>
<status status="PASS" starttime="20231120 03:02:52.154" endtime="20231120 03:02:52.154"/>
</kw>
<status status="PASS" starttime="20231120 03:02:52.153" endtime="20231120 03:02:52.154"/>
</test>
<status status="PASS" starttime="20231120 03:02:52.146" endtime="20231120 03:02:52.155"/>
</suite>
<status status="PASS" starttime="20231120 03:02:52.131" endtime="20231120 03:02:52.156"/>
</suite>
<statistics>
<total>
<stat pass="2" fail="0" skip="0">All Tests</stat>
</total>
<tag>
</tag>
<suite>
<stat pass="2" fail="0" skip="0" id="s1" name="Tests">Tests</stat>
<stat pass="2" fail="0" skip="0" id="s1-s1" name="Increase Counter">Tests.Increase Counter</stat>
</suite>
</statistics>
<errors>
</errors>
</robot>
