<?xml version="1.0" encoding="UTF-8"?>
<robot generator="Robot 6.1.1 (Python 3.10.1 on win32)" generated="20231120 04:20:21.345" rpa="false" schemaversion="4">
<suite id="s1" name="Tests" source="C:\Users\koenol\Documents\git\ohtu-palautus\ohtu-palautusrepo\viikko3\login-robot\src\tests">
<suite id="s1-s1" name="Login" source="C:\Users\koenol\Documents\git\ohtu-palautus\ohtu-palautusrepo\viikko3\login-robot\src\tests\login.robot">
<test id="s1-s1-t1" name="Login With Correct Credentials" line="6">
<kw name="Create User And Input Login Command" type="SETUP">
<kw name="Create User" library="AppLibrary">
<arg>kalle</arg>
<arg>kalle123</arg>
<status status="PASS" starttime="20231120 04:20:21.374" endtime="20231120 04:20:21.374"/>
</kw>
<kw name="Input Login Command" library="resource">
<kw name="Input" library="AppLibrary">
<arg>login</arg>
<status status="PASS" starttime="20231120 04:20:21.375" endtime="20231120 04:20:21.375"/>
</kw>
<status status="PASS" starttime="20231120 04:20:21.374" endtime="20231120 04:20:21.375"/>
</kw>
<status status="PASS" starttime="20231120 04:20:21.374" endtime="20231120 04:20:21.375"/>
</kw>
<kw name="Input Credentials" library="resource">
<arg>kalle</arg>
<arg>kalle123</arg>
<kw name="Input" library="AppLibrary">
<arg>${username}</arg>
<status status="PASS" starttime="20231120 04:20:21.375" endtime="20231120 04:20:21.375"/>
</kw>
<kw name="Input" library="AppLibrary">
<arg>${password}</arg>
<status status="PASS" starttime="20231120 04:20:21.375" endtime="20231120 04:20:21.375"/>
</kw>
<kw name="Run Application" library="AppLibrary">
<status status="PASS" starttime="20231120 04:20:21.376" endtime="20231120 04:20:21.376"/>
</kw>
<status status="PASS" starttime="20231120 04:20:21.375" endtime="20231120 04:20:21.376"/>
</kw>
<kw name="Output Should Contain" library="AppLibrary">
<arg>Logged in</arg>
<status status="PASS" starttime="20231120 04:20:21.376" endtime="20231120 04:20:21.376"/>
</kw>
<status status="PASS" starttime="20231120 04:20:21.373" endtime="20231120 04:20:21.376"/>
</test>
<test id="s1-s1-t2" name="Login With Incorrect Password" line="9">
<kw name="Create User And Input Login Command" type="SETUP">
<kw name="Create User" library="AppLibrary">
<arg>kalle</arg>
<arg>kalle123</arg>
<status status="PASS" starttime="20231120 04:20:21.377" endtime="20231120 04:20:21.377"/>
</kw>
<kw name="Input Login Command" library="resource">
<kw name="Input" library="AppLibrary">
<arg>login</arg>
<status status="PASS" starttime="20231120 04:20:21.378" endtime="20231120 04:20:21.378"/>
</kw>
<status status="PASS" starttime="20231120 04:20:21.377" endtime="20231120 04:20:21.378"/>
</kw>
<status status="PASS" starttime="20231120 04:20:21.377" endtime="20231120 04:20:21.378"/>
</kw>
<kw name="Input Credentials" library="resource">
<arg>kalle</arg>
<arg>lasse123</arg>
<kw name="Input" library="AppLibrary">
<arg>${username}</arg>
<status status="PASS" starttime="20231120 04:20:21.378" endtime="20231120 04:20:21.378"/>
</kw>
<kw name="Input" library="AppLibrary">
<arg>${password}</arg>
<status status="PASS" starttime="20231120 04:20:21.378" endtime="20231120 04:20:21.378"/>
</kw>
<kw name="Run Application" library="AppLibrary">
<status status="PASS" starttime="20231120 04:20:21.378" endtime="20231120 04:20:21.378"/>
</kw>
<status status="PASS" starttime="20231120 04:20:21.378" endtime="20231120 04:20:21.378"/>
</kw>
<kw name="Output Should Contain" library="AppLibrary">
<arg>Invalid username or password</arg>
<status status="PASS" starttime="20231120 04:20:21.379" endtime="20231120 04:20:21.379"/>
</kw>
<status status="PASS" starttime="20231120 04:20:21.377" endtime="20231120 04:20:21.379"/>
</test>
<test id="s1-s1-t3" name="Login With Nonexistent Username" line="12">
<kw name="Create User And Input Login Command" type="SETUP">
<kw name="Create User" library="AppLibrary">
<arg>kalle</arg>
<arg>kalle123</arg>
<status status="PASS" starttime="20231120 04:20:21.380" endtime="20231120 04:20:21.380"/>
</kw>
<kw name="Input Login Command" library="resource">
<kw name="Input" library="AppLibrary">
<arg>login</arg>
<status status="PASS" starttime="20231120 04:20:21.380" endtime="20231120 04:20:21.380"/>
</kw>
<status status="PASS" starttime="20231120 04:20:21.380" endtime="20231120 04:20:21.380"/>
</kw>
<status status="PASS" starttime="20231120 04:20:21.379" endtime="20231120 04:20:21.380"/>
</kw>
<kw name="Input Credentials" library="resource">
<arg>lasse</arg>
<arg>kalle123</arg>
<kw name="Input" library="AppLibrary">
<arg>${username}</arg>
<status status="PASS" starttime="20231120 04:20:21.380" endtime="20231120 04:20:21.380"/>
</kw>
<kw name="Input" library="AppLibrary">
<arg>${password}</arg>
<status status="PASS" starttime="20231120 04:20:21.380" endtime="20231120 04:20:21.380"/>
</kw>
<kw name="Run Application" library="AppLibrary">
<status status="PASS" starttime="20231120 04:20:21.380" endtime="20231120 04:20:21.381"/>
</kw>
<status status="PASS" starttime="20231120 04:20:21.380" endtime="20231120 04:20:21.381"/>
</kw>
<kw name="Output Should Contain" library="AppLibrary">
<arg>Invalid username or password</arg>
<status status="PASS" starttime="20231120 04:20:21.381" endtime="20231120 04:20:21.381"/>
</kw>
<status status="PASS" starttime="20231120 04:20:21.379" endtime="20231120 04:20:21.381"/>
</test>
<status status="PASS" starttime="20231120 04:20:21.361" endtime="20231120 04:20:21.382"/>
</suite>
<suite id="s1-s2" name="Register" source="C:\Users\koenol\Documents\git\ohtu-palautus\ohtu-palautusrepo\viikko3\login-robot\src\tests\register.robot">
<test id="s1-s2-t1" name="Register With Valid Username And Password" line="5">
<kw name="Create User" library="AppLibrary">
<arg>testuser</arg>
<arg>testing123</arg>
<status status="PASS" starttime="20231120 04:20:21.386" endtime="20231120 04:20:21.386"/>
</kw>
<kw name="Input Login Command" library="resource">
<kw name="Input" library="AppLibrary">
<arg>login</arg>
<status status="PASS" starttime="20231120 04:20:21.387" endtime="20231120 04:20:21.387"/>
</kw>
<status status="PASS" starttime="20231120 04:20:21.386" endtime="20231120 04:20:21.387"/>
</kw>
<kw name="Input Credentials" library="resource">
<arg>testuser</arg>
<arg>testing123</arg>
<kw name="Input" library="AppLibrary">
<arg>${username}</arg>
<status status="PASS" starttime="20231120 04:20:21.387" endtime="20231120 04:20:21.387"/>
</kw>
<kw name="Input" library="AppLibrary">
<arg>${password}</arg>
<status status="PASS" starttime="20231120 04:20:21.387" endtime="20231120 04:20:21.387"/>
</kw>
<kw name="Run Application" library="AppLibrary">
<status status="PASS" starttime="20231120 04:20:21.387" endtime="20231120 04:20:21.387"/>
</kw>
<status status="PASS" starttime="20231120 04:20:21.387" endtime="20231120 04:20:21.387"/>
</kw>
<kw name="Output Should Contain" library="AppLibrary">
<arg>Logged in</arg>
<status status="PASS" starttime="20231120 04:20:21.388" endtime="20231120 04:20:21.388"/>
</kw>
<status status="PASS" starttime="20231120 04:20:21.386" endtime="20231120 04:20:21.388"/>
</test>
<test id="s1-s2-t2" name="Register With Already Taken Username And Valid Password" line="11">
<kw name="Create User" library="AppLibrary">
<arg>testuser</arg>
<arg>testing123</arg>
<status status="PASS" starttime="20231120 04:20:21.389" endtime="20231120 04:20:21.389"/>
</kw>
<kw name="Run Keyword And Expect Error" library="BuiltIn">
<arg>User with username testuser already exists</arg>
<arg>Create User</arg>
<arg>testuser</arg>
<arg>testing123</arg>
<doc>Runs the keyword and checks that the expected error occurred.</doc>
<kw name="Create User" library="AppLibrary">
<arg>testuser</arg>
<arg>testing123</arg>
<msg timestamp="20231120 04:20:21.389" level="FAIL">User with username testuser already exists</msg>
<status status="FAIL" starttime="20231120 04:20:21.389" endtime="20231120 04:20:21.390"/>
</kw>
<status status="PASS" starttime="20231120 04:20:21.389" endtime="20231120 04:20:21.390"/>
</kw>
<status status="PASS" starttime="20231120 04:20:21.388" endtime="20231120 04:20:21.390"/>
</test>
<test id="s1-s2-t3" name="Register With Too Short Username And Valid Password" line="15">
<kw name="Run Keyword And Expect Error" library="BuiltIn">
<arg>Invalid username</arg>
<arg>Create User</arg>
<arg>te</arg>
<arg>testing123</arg>
<doc>Runs the keyword and checks that the expected error occurred.</doc>
<kw name="Create User" library="AppLibrary">
<arg>te</arg>
<arg>testing123</arg>
<msg timestamp="20231120 04:20:21.392" level="FAIL">Invalid username</msg>
<status status="FAIL" starttime="20231120 04:20:21.391" endtime="20231120 04:20:21.392"/>
</kw>
<status status="PASS" starttime="20231120 04:20:21.391" endtime="20231120 04:20:21.392"/>
</kw>
<status status="PASS" starttime="20231120 04:20:21.391" endtime="20231120 04:20:21.392"/>
</test>
<test id="s1-s2-t4" name="Register With Enough Long But Invalid Username And Valid Password" line="18">
<kw name="Run Keyword And Expect Error" library="BuiltIn">
<arg>Invalid username</arg>
<arg>Create User</arg>
<arg>test1</arg>
<arg>testing123</arg>
<doc>Runs the keyword and checks that the expected error occurred.</doc>
<kw name="Create User" library="AppLibrary">
<arg>test1</arg>
<arg>testing123</arg>
<msg timestamp="20231120 04:20:21.393" level="FAIL">Invalid username</msg>
<status status="FAIL" starttime="20231120 04:20:21.393" endtime="20231120 04:20:21.393"/>
</kw>
<status status="PASS" starttime="20231120 04:20:21.393" endtime="20231120 04:20:21.393"/>
</kw>
<status status="PASS" starttime="20231120 04:20:21.392" endtime="20231120 04:20:21.393"/>
</test>
<test id="s1-s2-t5" name="Register With Valid Username And Too Short Password" line="21">
<kw name="Run Keyword And Expect Error" library="BuiltIn">
<arg>Invalid password</arg>
<arg>Create User</arg>
<arg>test</arg>
<arg>tes14</arg>
<doc>Runs the keyword and checks that the expected error occurred.</doc>
<kw name="Create User" library="AppLibrary">
<arg>test</arg>
<arg>tes14</arg>
<msg timestamp="20231120 04:20:21.394" level="FAIL">Invalid password</msg>
<status status="FAIL" starttime="20231120 04:20:21.394" endtime="20231120 04:20:21.395"/>
</kw>
<status status="PASS" starttime="20231120 04:20:21.394" endtime="20231120 04:20:21.395"/>
</kw>
<status status="PASS" starttime="20231120 04:20:21.394" endtime="20231120 04:20:21.395"/>
</test>
<test id="s1-s2-t6" name="Register With Valid Username And Long Enough Password Containing Only Letters" line="24">
<kw name="Run Keyword And Expect Error" library="BuiltIn">
<arg>Invalid password</arg>
<arg>Create User</arg>
<arg>test</arg>
<arg>tessdava</arg>
<doc>Runs the keyword and checks that the expected error occurred.</doc>
<kw name="Create User" library="AppLibrary">
<arg>test</arg>
<arg>tessdava</arg>
<msg timestamp="20231120 04:20:21.396" level="FAIL">Invalid password</msg>
<status status="FAIL" starttime="20231120 04:20:21.396" endtime="20231120 04:20:21.397"/>
</kw>
<status status="PASS" starttime="20231120 04:20:21.396" endtime="20231120 04:20:21.397"/>
</kw>
<status status="PASS" starttime="20231120 04:20:21.396" endtime="20231120 04:20:21.397"/>
</test>
<status status="PASS" starttime="20231120 04:20:21.382" endtime="20231120 04:20:21.397"/>
</suite>
<status status="PASS" starttime="20231120 04:20:21.347" endtime="20231120 04:20:21.398"/>
</suite>
<statistics>
<total>
<stat pass="9" fail="0" skip="0">All Tests</stat>
</total>
<tag>
</tag>
<suite>
<stat pass="9" fail="0" skip="0" id="s1" name="Tests">Tests</stat>
<stat pass="3" fail="0" skip="0" id="s1-s1" name="Login">Tests.Login</stat>
<stat pass="6" fail="0" skip="0" id="s1-s2" name="Register">Tests.Register</stat>
</suite>
</statistics>
<errors>
</errors>
</robot>
